  main.cpp
C:\Users\Lenovo\Desktop\OpenGL_task\CG_project\CG_project\glfwwin.h(63,25): warning C4244: =: преобразование "double" в "GLfloat", возможна потеря данных
C:\Users\Lenovo\Desktop\OpenGL_task\CG_project\CG_project\glfwwin.h(64,25): warning C4244: =: преобразование "double" в "GLfloat", возможна потеря данных
C:\Users\Lenovo\Desktop\OpenGL_task\CG_project\CG_project\glfwwin.h(67,22): warning C4244: инициализация: преобразование "double" в "GLfloat", возможна потеря данных
C:\Users\Lenovo\Desktop\OpenGL_task\CG_project\CG_project\glfwwin.h(68,22): warning C4244: инициализация: преобразование "double" в "GLfloat", возможна потеря данных
C:\Users\Lenovo\Desktop\OpenGL_task\CG_project\CG_project\glfwwin.h(69,21): warning C4244: =: преобразование "double" в "GLfloat", возможна потеря данных
C:\Users\Lenovo\Desktop\OpenGL_task\CG_project\CG_project\glfwwin.h(70,21): warning C4244: =: преобразование "double" в "GLfloat", возможна потеря данных
C:\Users\Lenovo\Desktop\OpenGL_task\CG_project\CG_project\glfwwin.h(72,37): warning C4305: инициализация: усечение из "double" в "GLfloat"
C:\Users\Lenovo\Desktop\OpenGL_task\CG_project\CG_project\glfwwin.h(85,22): warning C4244: инициализация: преобразование "double" в "GLfloat", возможна потеря данных
C:\Users\Lenovo\Desktop\OpenGL_task\CG_project\CG_project\main.cpp(41,70): warning C4244: аргумент: преобразование "float" в "int", возможна потеря данных
C:\Users\Lenovo\Desktop\OpenGL_task\CG_project\CG_project\main.cpp(41,49): warning C4244: аргумент: преобразование "float" в "int", возможна потеря данных
C:\Users\Lenovo\Desktop\OpenGL_task\CG_project\CG_project\main.cpp(68,31): warning C4244: =: преобразование "double" в "GLfloat", возможна потеря данных
C:\Users\Lenovo\Desktop\OpenGL_task\CG_project\CG_project\main.cpp(93,72): warning C4244: аргумент: преобразование "float" в "int", возможна потеря данных
C:\Users\Lenovo\Desktop\OpenGL_task\CG_project\CG_project\main.cpp(93,51): warning C4244: аргумент: преобразование "float" в "int", возможна потеря данных
C:\Users\Lenovo\Desktop\OpenGL_task\CG_project\CG_project\main.cpp(107,96): warning C4244: аргумент: преобразование "float" в "int", возможна потеря данных
C:\Users\Lenovo\Desktop\OpenGL_task\CG_project\CG_project\main.cpp(107,75): warning C4244: аргумент: преобразование "float" в "int", возможна потеря данных
C:\Users\Lenovo\Desktop\OpenGL_task\CG_project\CG_project\main.cpp(115,53): warning C4244: аргумент: преобразование "float" в "GLsizei", возможна потеря данных
C:\Users\Lenovo\Desktop\OpenGL_task\CG_project\CG_project\main.cpp(115,32): warning C4244: аргумент: преобразование "float" в "GLsizei", возможна потеря данных
C:\Users\Lenovo\Desktop\OpenGL_task\CG_project\CG_project\main.cpp(125,53): warning C4244: аргумент: преобразование "float" в "GLsizei", возможна потеря данных
C:\Users\Lenovo\Desktop\OpenGL_task\CG_project\CG_project\main.cpp(125,32): warning C4244: аргумент: преобразование "float" в "GLsizei", возможна потеря данных
C:\Users\Lenovo\Desktop\OpenGL_task\CG_project\CG_project\main.cpp(145,53): warning C4244: аргумент: преобразование "float" в "GLsizei", возможна потеря данных
C:\Users\Lenovo\Desktop\OpenGL_task\CG_project\CG_project\main.cpp(145,32): warning C4244: аргумент: преобразование "float" в "GLsizei", возможна потеря данных
C:\Users\Lenovo\Desktop\OpenGL_task\CG_project\CG_project\main.cpp(151,57): warning C4244: аргумент: преобразование "float" в "GLsizei", возможна потеря данных
C:\Users\Lenovo\Desktop\OpenGL_task\CG_project\CG_project\main.cpp(151,36): warning C4244: аргумент: преобразование "float" в "GLsizei", возможна потеря данных
C:\Users\Lenovo\Desktop\OpenGL_task\CG_project\CG_project\main.cpp(194,57): warning C4244: аргумент: преобразование "float" в "GLsizei", возможна потеря данных
C:\Users\Lenovo\Desktop\OpenGL_task\CG_project\CG_project\main.cpp(194,36): warning C4244: аргумент: преобразование "float" в "GLsizei", возможна потеря данных
  CG_project.vcxproj -> C:\Users\Lenovo\Desktop\OpenGL_task\CG_project\Debug\CG_project.exe
